2021-01-27 23:01:01:425  [TID       4240][INFO    ] Default Logger initialized [dmvcframework]
2021-01-27 23:01:01:450  [TID       4240][INFO    ] Server started on port 8080 [dmvcframework]
2021-01-27 23:01:15:710  [TID       5524][INFO    ] ENTER: Config default values [dmvcframework]
2021-01-27 23:01:15:710  [TID       5524][INFO    ] EXIT: Config default values [dmvcframework]
2021-01-27 23:01:15:710  [TID       5524][INFO    ] >> Custom configuration method [dmvcframework]
2021-01-27 23:01:15:710  [TID       5524][INFO    ] << Custom configuration method [dmvcframework]
2021-01-27 23:01:15:710  [TID       5524][INFO    ] ENTER: LoadSystemControllers [dmvcframework]
2021-01-27 23:01:15:710  [TID       5524][INFO    ] EXIT: LoadSystemControllers [dmvcframework]
2021-01-27 23:01:15:714  [TID       5524][INFO    ] GET:/login [0:0:0:0:0:0:0:1] -> {NOT FOUND} - 404 Not Found [dmvcframework]
2021-01-27 23:01:17:973  [TID       5524][ERROR   ] [EMVCException] Not Found (Custom message: "GET /login") [dmvcframework]
2021-01-27 23:01:37:618  [TID       4364][INFO    ] GET:/ [0:0:0:0:0:0:0:1] -> u_ApiControllerPublico.TApiControllerPublico.GetMyRootPage - 200 OK [dmvcframework]
2021-01-27 23:01:52:297  [TID       4364][INFO    ] GET:/api [0:0:0:0:0:0:0:1] -> {NOT FOUND} - 404 Not Found [dmvcframework]
2021-01-27 23:01:54:393  [TID       4364][ERROR   ] [EMVCException] Not Found (Custom message: "GET /api") [dmvcframework]
2021-01-27 23:02:07:713  [TID       6096][INFO    ] GET:/ [0:0:0:0:0:0:0:1] -> u_ApiControllerPublico.TApiControllerPublico.GetMyRootPage - 200 OK [dmvcframework]
2021-01-27 23:03:16:976  [TID       7120][INFO    ] Default Logger initialized [dmvcframework]
2021-01-27 23:03:16:991  [TID       7120][INFO    ] Server started on port 8080 [dmvcframework]
2021-01-27 23:03:30:857  [TID       2228][INFO    ] ENTER: Config default values [dmvcframework]
2021-01-27 23:03:30:857  [TID       2228][INFO    ] EXIT: Config default values [dmvcframework]
2021-01-27 23:03:30:857  [TID       2228][INFO    ] >> Custom configuration method [dmvcframework]
2021-01-27 23:03:30:857  [TID       2228][INFO    ] << Custom configuration method [dmvcframework]
2021-01-27 23:03:30:857  [TID       2228][INFO    ] ENTER: LoadSystemControllers [dmvcframework]
2021-01-27 23:03:30:857  [TID       2228][INFO    ] EXIT: LoadSystemControllers [dmvcframework]
2021-01-27 23:03:42:192  [TID       2228][INFO    ] GET:/ [0:0:0:0:0:0:0:1] -> u_ApiControllerPublico.TApiControllerPublico.GetMyRootPage - 200 OK [dmvcframework]
2021-01-27 23:03:50:762  [TID       2228][INFO    ] GET:/ [0:0:0:0:0:0:0:1] -> u_ApiControllerPublico.TApiControllerPublico.GetMyRootPage - 200 OK [dmvcframework]
2021-01-27 23:04:14:238  [TID       2228][INFO    ] GET:/api/capas [0:0:0:0:0:0:0:1] -> u_ApiControllerCapa.TApiControllerCapa.GetCapas - 200 OK [dmvcframework]
2021-01-27 23:04:23:146  [TID       2228][INFO    ] GET:/api/artistas [0:0:0:0:0:0:0:1] -> u_ApiControllerArtista.TApiControllerArtista.GetArtistas - 200 OK [dmvcframework]
2021-01-27 23:04:31:102  [TID       2228][INFO    ] GET:/api/albuns [0:0:0:0:0:0:0:1] -> u_ApiControllerAlbum.TApiControllerAlbum.GetAlbuns - 200 OK [dmvcframework]
2021-01-27 23:04:53:125  [TID       2228][INFO    ] GET:/api/artistas [0:0:0:0:0:0:0:1] -> u_ApiControllerArtista.TApiControllerArtista.GetArtistas - 200 OK [dmvcframework]
2021-01-27 23:05:09:955  [TID       2228][INFO    ] GET:/api/artistas [0:0:0:0:0:0:0:1] -> u_ApiControllerArtista.TApiControllerArtista.GetArtistas - 200 OK [dmvcframework]
2021-01-27 23:05:16:900  [TID       2228][INFO    ] GET:/api [0:0:0:0:0:0:0:1] -> {NOT FOUND} - 404 Not Found [dmvcframework]
2021-01-27 23:05:20:645  [TID       2228][ERROR   ] [EMVCException] Not Found (Custom message: "GET /api") [dmvcframework]
2021-01-27 23:05:26:308  [TID       7076][INFO    ] GET:/ [0:0:0:0:0:0:0:1] -> u_ApiControllerPublico.TApiControllerPublico.GetMyRootPage - 200 OK [dmvcframework]
2021-01-27 23:05:35:539  [TID       7076][INFO    ] GET:/api/ [0:0:0:0:0:0:0:1] -> {NOT FOUND} - 404 Not Found [dmvcframework]
2021-01-27 23:05:37:571  [TID       7076][ERROR   ] [EMVCException] Not Found (Custom message: "GET /api/") [dmvcframework]
2021-01-27 23:10:39:514  [TID       7108][INFO    ] Default Logger initialized [dmvcframework]
2021-01-27 23:10:39:529  [TID       7108][INFO    ] Server started on port 8080 [dmvcframework]
2021-01-27 23:10:47:704  [TID       5364][INFO    ] ENTER: Config default values [dmvcframework]
2021-01-27 23:10:47:704  [TID       5364][INFO    ] EXIT: Config default values [dmvcframework]
2021-01-27 23:10:47:704  [TID       5364][INFO    ] >> Custom configuration method [dmvcframework]
2021-01-27 23:10:47:704  [TID       5364][INFO    ] << Custom configuration method [dmvcframework]
2021-01-27 23:10:47:704  [TID       5364][INFO    ] ENTER: LoadSystemControllers [dmvcframework]
2021-01-27 23:10:47:704  [TID       5364][INFO    ] EXIT: LoadSystemControllers [dmvcframework]
2021-01-27 23:10:47:707  [TID       5364][INFO    ] GET:/ [0:0:0:0:0:0:0:1] -> u_ApiControllerPublico.TApiControllerPublico.GetMyRootPage - 200 OK [dmvcframework]
2021-01-27 23:10:53:391  [TID       5364][INFO    ] GET:/api [0:0:0:0:0:0:0:1] -> {NOT FOUND} - 404 Not Found [dmvcframework]
2021-01-27 23:10:55:105  [TID       5364][ERROR   ] [EMVCException] Not Found (Custom message: "GET /api") [dmvcframework]
2021-01-27 23:10:59:853  [TID       1096][INFO    ] GET:/api/ [0:0:0:0:0:0:0:1] -> {NOT FOUND} - 404 Not Found [dmvcframework]
2021-01-27 23:11:01:484  [TID       1096][ERROR   ] [EMVCException] Not Found (Custom message: "GET /api/") [dmvcframework]
2021-01-27 23:11:10:007  [TID       6200][INFO    ] GET:/api/album [0:0:0:0:0:0:0:1] -> {NOT FOUND} - 404 Not Found [dmvcframework]
2021-01-27 23:11:13:715  [TID       6200][ERROR   ] [EMVCException] Not Found (Custom message: "GET /api/album") [dmvcframework]
2021-01-27 23:11:26:421  [TID       6576][ERROR   ] [EMVCJWTException] Username and password required (Custom message: "") [dmvcframework]
2021-01-27 23:12:06:008  [TID       6576][INFO    ] GET:/api/capas [0:0:0:0:0:0:0:1] -> u_ApiControllerCapa.TApiControllerCapa.GetCapas - 200 OK [dmvcframework]
2021-01-27 23:12:12:956  [TID       6576][INFO    ] GET:/api/artista [0:0:0:0:0:0:0:1] -> {NOT FOUND} - 404 Not Found [dmvcframework]
2021-01-27 23:12:14:631  [TID       6576][ERROR   ] [EMVCException] Not Found (Custom message: "GET /api/artista") [dmvcframework]
2021-01-27 23:12:22:861  [TID       4496][INFO    ] GET:/api/artistas [0:0:0:0:0:0:0:1] -> u_ApiControllerArtista.TApiControllerArtista.GetArtistas - 200 OK [dmvcframework]
2021-01-27 23:12:31:245  [TID       4496][INFO    ] GET:/api/albuns [0:0:0:0:0:0:0:1] -> u_ApiControllerAlbum.TApiControllerAlbum.GetAlbuns - 200 OK [dmvcframework]
2021-01-27 23:12:52:549  [TID       4496][ERROR   ] [EMVCJWTException] Invalid authorization type (Custom message: "") [dmvcframework]
