2021-01-08 17:33:21:056  [TID       5512][INFO    ] Default Logger initialized [dmvcframework]
2021-01-08 17:33:21:056  [TID       5512][INFO    ] Server started on port 8080 [dmvcframework]
2021-01-08 21:31:32:101  [TID       5352][INFO    ] Default Logger initialized [dmvcframework]
2021-01-08 21:31:32:101  [TID       5352][INFO    ] Server started on port 8080 [dmvcframework]
2021-01-08 21:31:37:690  [TID       4908][INFO    ] ENTER: Config default values [dmvcframework]
2021-01-08 21:31:37:690  [TID       4908][INFO    ] EXIT: Config default values [dmvcframework]
2021-01-08 21:31:37:690  [TID       4908][INFO    ] >> Custom configuration method [dmvcframework]
2021-01-08 21:31:37:690  [TID       4908][INFO    ] << Custom configuration method [dmvcframework]
2021-01-08 21:31:37:690  [TID       4908][INFO    ] ENTER: LoadSystemControllers [dmvcframework]
2021-01-08 21:31:37:690  [TID       4908][INFO    ] EXIT: LoadSystemControllers [dmvcframework]
2021-01-08 21:31:37:702  [TID       4908][INFO    ] GET:/favicon.ico [0:0:0:0:0:0:0:1] -> {NOT FOUND} - 404 Not Found [dmvcframework]
2021-01-08 21:31:43:023  [TID       4908][ERROR   ] [EMVCException] Not Found (Custom message: "GET /favicon.ico") [dmvcframework]
2021-01-08 21:31:50:675  [TID       6032][INFO    ] GET:/api/produtos [0:0:0:0:0:0:0:1] -> {NOT FOUND} - 404 Not Found [dmvcframework]
2021-01-08 21:31:52:537  [TID       6032][ERROR   ] [EMVCException] Not Found (Custom message: "GET /api/produtos") [dmvcframework]
2021-01-08 21:32:02:425  [TID       1048][INFO    ] GET:/ [0:0:0:0:0:0:0:1] -> {NOT FOUND} - 404 Not Found [dmvcframework]
2021-01-08 21:32:05:603  [TID       1048][ERROR   ] [EMVCException] Not Found (Custom message: "GET /") [dmvcframework]
2021-01-08 21:32:32:275  [TID       4532][INFO    ] GET:/api [0:0:0:0:0:0:0:1] -> u_ApiController.TApiController.Index - 200 OK [dmvcframework]
2021-01-08 21:49:11:121  [TID       5288][INFO    ] Default Logger initialized [dmvcframework]
2021-01-08 21:49:11:154  [TID       5288][INFO    ] Server started on port 8080 [dmvcframework]
2021-01-08 22:32:53:686  [TID       5740][INFO    ] Default Logger initialized [dmvcframework]
2021-01-08 22:32:53:704  [TID       5740][INFO    ] Server started on port 8080 [dmvcframework]
2021-01-08 22:33:06:562  [TID       4908][INFO    ] ENTER: Config default values [dmvcframework]
2021-01-08 22:33:06:563  [TID       4908][INFO    ] EXIT: Config default values [dmvcframework]
2021-01-08 22:33:06:563  [TID       4908][INFO    ] >> Custom configuration method [dmvcframework]
2021-01-08 22:33:06:563  [TID       4908][INFO    ] << Custom configuration method [dmvcframework]
2021-01-08 22:33:06:563  [TID       4908][INFO    ] ENTER: LoadSystemControllers [dmvcframework]
2021-01-08 22:33:06:563  [TID       4908][INFO    ] EXIT: LoadSystemControllers [dmvcframework]
2021-01-08 22:33:06:566  [TID       4908][INFO    ] GET:/api [0:0:0:0:0:0:0:1] -> u_ApiController.TApiController.GetMyRootPage - 200 OK [dmvcframework]
2021-01-08 22:33:27:822  [TID       4908][INFO    ] GET:/api/ [0:0:0:0:0:0:0:1] -> u_ApiController.TApiController.GetMyRootPage - 200 OK [dmvcframework]
2021-01-08 22:33:37:572  [TID       4908][INFO    ] GET:/api [0:0:0:0:0:0:0:1] -> u_ApiController.TApiController.GetMyRootPage - 200 OK [dmvcframework]
2021-01-08 22:33:38:660  [TID       4908][INFO    ] GET:/ [0:0:0:0:0:0:0:1] -> {NOT FOUND} - 404 Not Found [dmvcframework]
2021-01-08 22:33:41:804  [TID       4908][ERROR   ] [EMVCException] Not Found (Custom message: "GET /") [dmvcframework]
2021-01-08 22:42:45:194  [TID       6096][INFO    ] Default Logger initialized [dmvcframework]
2021-01-08 22:42:45:210  [TID       6096][INFO    ] Server started on port 8080 [dmvcframework]
2021-01-08 22:42:54:261  [TID       2556][INFO    ] ENTER: Config default values [dmvcframework]
2021-01-08 22:42:54:261  [TID       2556][INFO    ] EXIT: Config default values [dmvcframework]
2021-01-08 22:42:54:261  [TID       2556][INFO    ] >> Custom configuration method [dmvcframework]
2021-01-08 22:42:54:261  [TID       2556][INFO    ] << Custom configuration method [dmvcframework]
2021-01-08 22:42:54:261  [TID       2556][INFO    ] ENTER: LoadSystemControllers [dmvcframework]
2021-01-08 22:42:54:261  [TID       2556][INFO    ] EXIT: LoadSystemControllers [dmvcframework]
2021-01-08 22:43:11:958  [TID       5700][INFO    ] GET:/ [0:0:0:0:0:0:0:1] -> {NOT FOUND} - 404 Not Found [dmvcframework]
2021-01-08 22:43:14:103  [TID       5700][ERROR   ] [EMVCException] Not Found (Custom message: "GET /") [dmvcframework]
2021-01-08 22:43:22:290  [TID       4100][INFO    ] GET:/api [0:0:0:0:0:0:0:1] -> u_ApiController.TApiController.GetMyRootPage - 200 OK [dmvcframework]
2021-01-08 22:44:27:621  [TID       2556][INFO    ] GET:/api [0:0:0:0:0:0:0:1] -> u_ApiController.TApiController.GetMyRootPage - 200 OK [dmvcframework]
2021-01-08 22:44:52:397  [TID       2556][INFO    ] GET:/api [0:0:0:0:0:0:0:1] -> u_ApiController.TApiController.GetMyRootPage - 200 OK [dmvcframework]
2021-01-08 22:54:36:910  [TID       1944][INFO    ] Default Logger initialized [dmvcframework]
2021-01-08 22:54:36:926  [TID       1944][INFO    ] Server started on port 8080 [dmvcframework]
2021-01-08 22:56:40:733  [TID       6388][INFO    ] Default Logger initialized [dmvcframework]
2021-01-08 22:56:40:749  [TID       6388][INFO    ] Server started on port 8080 [dmvcframework]
